<?xml version="1.0" encoding="UTF-8"?>
<coverage generated="1635380966348" clover="3.2.0">
  <project timestamp="1635380966349" name="All files">
    <metrics statements="28" coveredstatements="9" conditionals="6" coveredconditionals="4" methods="17" coveredmethods="4" elements="51" coveredelements="17" complexity="0" loc="28" ncloc="28" packages="3" files="4" classes="4"/>
    <package name="components">
      <metrics statements="14" coveredstatements="9" conditionals="6" coveredconditionals="4" methods="7" coveredmethods="4"/>
      <file name="App.jsx" path="/Users/taite510/work/FEC/client/src/components/App.jsx">
        <metrics statements="14" coveredstatements="9" conditionals="6" coveredconditionals="4" methods="7" coveredmethods="4"/>
        <line num="9" count="1" type="stmt"/>
        <line num="10" count="1" type="stmt"/>
        <line num="16" count="1" type="stmt"/>
        <line num="17" count="1" type="stmt"/>
        <line num="21" count="1" type="stmt"/>
        <line num="25" count="1" type="stmt"/>
        <line num="27" count="0" type="stmt"/>
        <line num="34" count="0" type="stmt"/>
        <line num="44" count="1" type="cond" truecount="3" falsecount="1"/>
        <line num="45" count="0" type="stmt"/>
        <line num="46" count="0" type="stmt"/>
        <line num="48" count="1" type="cond" truecount="1" falsecount="1"/>
        <line num="49" count="0" type="stmt"/>
        <line num="53" count="1" type="stmt"/>
      </file>
    </package>
    <package name="components.Product-Overview">
      <metrics statements="11" coveredstatements="0" conditionals="0" coveredconditionals="0" methods="8" coveredmethods="0"/>
      <file name="ProductInfo.jsx" path="/Users/taite510/work/FEC/client/src/components/Product-Overview/ProductInfo.jsx">
        <metrics statements="4" coveredstatements="0" conditionals="0" coveredconditionals="0" methods="3" coveredmethods="0"/>
        <line num="6" count="0" type="stmt"/>
        <line num="7" count="0" type="stmt"/>
        <line num="15" count="0" type="stmt"/>
        <line num="16" count="0" type="stmt"/>
      </file>
      <file name="ProductPage.jsx" path="/Users/taite510/work/FEC/client/src/components/Product-Overview/ProductPage.jsx">
        <metrics statements="7" coveredstatements="0" conditionals="0" coveredconditionals="0" methods="5" coveredmethods="0"/>
        <line num="7" count="0" type="stmt"/>
        <line num="8" count="0" type="stmt"/>
        <line num="12" count="0" type="stmt"/>
        <line num="17" count="0" type="stmt"/>
        <line num="21" count="0" type="stmt"/>
        <line num="23" count="0" type="stmt"/>
        <line num="31" count="0" type="stmt"/>
      </file>
    </package>
    <package name="components.Reviews">
      <metrics statements="3" coveredstatements="0" conditionals="0" coveredconditionals="0" methods="2" coveredmethods="0"/>
      <file name="Reviews.jsx" path="/Users/taite510/work/FEC/client/src/components/Reviews/Reviews.jsx">
        <metrics statements="3" coveredstatements="0" conditionals="0" coveredconditionals="0" methods="2" coveredmethods="0"/>
        <line num="5" count="0" type="stmt"/>
        <line num="6" count="0" type="stmt"/>
        <line num="11" count="0" type="stmt"/>
      </file>
    </package>
  </project>
</coverage>
