{"/Users/taite510/work/FEC/client/src/components/App.jsx": {"path":"/Users/taite510/work/FEC/client/src/components/App.jsx","statementMap":{"0":{"start":{"line":9,"column":4},"end":{"line":9,"column":17}},"1":{"start":{"line":10,"column":4},"end":{"line":14,"column":5}},"2":{"start":{"line":16,"column":4},"end":{"line":16,"column":65}},"3":{"start":{"line":17,"column":4},"end":{"line":17,"column":51}},"4":{"start":{"line":21,"column":4},"end":{"line":21,"column":22}},"5":{"start":{"line":25,"column":4},"end":{"line":30,"column":8}},"6":{"start":{"line":27,"column":8},"end":{"line":29,"column":10}},"7":{"start":{"line":34,"column":4},"end":{"line":37,"column":6}},"8":{"start":{"line":43,"column":4},"end":{"line":58,"column":5}},"9":{"start":{"line":44,"column":6},"end":{"line":46,"column":7}},"10":{"start":{"line":45,"column":50},"end":{"line":45,"column":143}},"11":{"start":{"line":47,"column":11},"end":{"line":58,"column":5}},"12":{"start":{"line":48,"column":6},"end":{"line":50,"column":7}},"13":{"start":{"line":52,"column":6},"end":{"line":57,"column":7}}},"fnMap":{"0":{"name":"(anonymous_0)","decl":{"start":{"line":8,"column":2},"end":{"line":8,"column":3}},"loc":{"start":{"line":8,"column":21},"end":{"line":18,"column":3}},"line":8},"1":{"name":"(anonymous_1)","decl":{"start":{"line":20,"column":2},"end":{"line":20,"column":3}},"loc":{"start":{"line":20,"column":22},"end":{"line":22,"column":3}},"line":20},"2":{"name":"(anonymous_2)","decl":{"start":{"line":24,"column":2},"end":{"line":24,"column":3}},"loc":{"start":{"line":24,"column":16},"end":{"line":31,"column":3}},"line":24},"3":{"name":"(anonymous_3)","decl":{"start":{"line":26,"column":12},"end":{"line":26,"column":13}},"loc":{"start":{"line":26,"column":23},"end":{"line":30,"column":7}},"line":26},"4":{"name":"(anonymous_4)","decl":{"start":{"line":33,"column":2},"end":{"line":33,"column":3}},"loc":{"start":{"line":33,"column":25},"end":{"line":38,"column":3}},"line":33},"5":{"name":"(anonymous_5)","decl":{"start":{"line":41,"column":2},"end":{"line":41,"column":3}},"loc":{"start":{"line":41,"column":11},"end":{"line":59,"column":3}},"line":41},"6":{"name":"(anonymous_6)","decl":{"start":{"line":45,"column":32},"end":{"line":45,"column":33}},"loc":{"start":{"line":45,"column":48},"end":{"line":45,"column":145}},"line":45}},"branchMap":{"0":{"loc":{"start":{"line":43,"column":4},"end":{"line":58,"column":5}},"type":"if","locations":[{"start":{"line":43,"column":4},"end":{"line":58,"column":5}},{"start":{"line":47,"column":11},"end":{"line":58,"column":5}}],"line":43},"1":{"loc":{"start":{"line":43,"column":8},"end":{"line":43,"column":66}},"type":"binary-expr","locations":[{"start":{"line":43,"column":8},"end":{"line":43,"column":34}},{"start":{"line":43,"column":38},"end":{"line":43,"column":66}}],"line":43},"2":{"loc":{"start":{"line":47,"column":11},"end":{"line":58,"column":5}},"type":"if","locations":[{"start":{"line":47,"column":11},"end":{"line":58,"column":5}},{"start":{"line":51,"column":11},"end":{"line":58,"column":5}}],"line":47}},"s":{"0":2,"1":2,"2":2,"3":2,"4":2,"5":2,"6":2,"7":1,"8":5,"9":2,"10":2,"11":3,"12":1,"13":2},"f":{"0":2,"1":2,"2":2,"3":2,"4":1,"5":5,"6":2},"b":{"0":[2,3],"1":[5,4],"2":[1,2]},"_coverageSchema":"1a1c01bbd47fc00a2c39e90264f33305004495a9","hash":"505e95a28b50d0fbf62b9613ff8e51bde68265a6"}
,"/Users/taite510/work/FEC/client/src/components/Product-Overview/ProductInfo.jsx": {"path":"/Users/taite510/work/FEC/client/src/components/Product-Overview/ProductInfo.jsx","statementMap":{"0":{"start":{"line":6,"column":4},"end":{"line":6,"column":16}},"1":{"start":{"line":7,"column":4},"end":{"line":9,"column":5}},"2":{"start":{"line":15,"column":4},"end":{"line":19,"column":5}},"3":{"start":{"line":16,"column":26},"end":{"line":16,"column":78}}},"fnMap":{"0":{"name":"(anonymous_0)","decl":{"start":{"line":5,"column":2},"end":{"line":5,"column":3}},"loc":{"start":{"line":5,"column":21},"end":{"line":10,"column":3}},"line":5},"1":{"name":"(anonymous_1)","decl":{"start":{"line":14,"column":2},"end":{"line":14,"column":3}},"loc":{"start":{"line":14,"column":11},"end":{"line":20,"column":3}},"line":14},"2":{"name":"(anonymous_2)","decl":{"start":{"line":16,"column":20},"end":{"line":16,"column":21}},"loc":{"start":{"line":16,"column":26},"end":{"line":16,"column":78}},"line":16}},"branchMap":{},"s":{"0":2,"1":2,"2":2,"3":1},"f":{"0":2,"1":2,"2":1},"b":{},"_coverageSchema":"1a1c01bbd47fc00a2c39e90264f33305004495a9","hash":"18a2a4b26af216493ba4db85c779fbad0c3f722c"}
,"/Users/taite510/work/FEC/client/src/components/Product-Overview/ProductPage.jsx": {"path":"/Users/taite510/work/FEC/client/src/components/Product-Overview/ProductPage.jsx","statementMap":{"0":{"start":{"line":6,"column":40},"end":{"line":6,"column":52}},"1":{"start":{"line":9,"column":2},"end":{"line":11,"column":8}},"2":{"start":{"line":10,"column":4},"end":{"line":10,"column":28}},"3":{"start":{"line":14,"column":23},"end":{"line":19,"column":3}},"4":{"start":{"line":15,"column":4},"end":{"line":18,"column":8}},"5":{"start":{"line":17,"column":8},"end":{"line":17,"column":36}},"6":{"start":{"line":21,"column":2},"end":{"line":37,"column":5}}},"fnMap":{"0":{"name":"ProductPage","decl":{"start":{"line":5,"column":9},"end":{"line":5,"column":20}},"loc":{"start":{"line":5,"column":28},"end":{"line":38,"column":1}},"line":5},"1":{"name":"(anonymous_1)","decl":{"start":{"line":9,"column":12},"end":{"line":9,"column":13}},"loc":{"start":{"line":9,"column":18},"end":{"line":11,"column":3}},"line":9},"2":{"name":"(anonymous_2)","decl":{"start":{"line":14,"column":23},"end":{"line":14,"column":24}},"loc":{"start":{"line":14,"column":37},"end":{"line":19,"column":3}},"line":14},"3":{"name":"(anonymous_3)","decl":{"start":{"line":16,"column":12},"end":{"line":16,"column":13}},"loc":{"start":{"line":16,"column":23},"end":{"line":18,"column":7}},"line":16}},"branchMap":{},"s":{"0":1,"1":1,"2":1,"3":1,"4":1,"5":0,"6":1},"f":{"0":1,"1":1,"2":1,"3":0},"b":{},"_coverageSchema":"1a1c01bbd47fc00a2c39e90264f33305004495a9","hash":"ebcd2e2652aeede95f0c8c535eca86794fc7c3ff"}
,"/Users/taite510/work/FEC/client/src/components/Reviews/Reviews.jsx": {"path":"/Users/taite510/work/FEC/client/src/components/Reviews/Reviews.jsx","statementMap":{"0":{"start":{"line":5,"column":32},"end":{"line":5,"column":44}},"1":{"start":{"line":7,"column":2},"end":{"line":9,"column":8}},"2":{"start":{"line":8,"column":4},"end":{"line":8,"column":24}},"3":{"start":{"line":11,"column":19},"end":{"line":18,"column":3}},"4":{"start":{"line":12,"column":17},"end":{"line":12,"column":80}},"5":{"start":{"line":13,"column":4},"end":{"line":17,"column":6}},"6":{"start":{"line":15,"column":6},"end":{"line":15,"column":31}},"7":{"start":{"line":16,"column":6},"end":{"line":16,"column":30}},"8":{"start":{"line":20,"column":2},"end":{"line":33,"column":3}},"9":{"start":{"line":21,"column":4},"end":{"line":25,"column":5}},"10":{"start":{"line":27,"column":4},"end":{"line":31,"column":5}}},"fnMap":{"0":{"name":"Reviews","decl":{"start":{"line":4,"column":9},"end":{"line":4,"column":16}},"loc":{"start":{"line":4,"column":24},"end":{"line":35,"column":1}},"line":4},"1":{"name":"(anonymous_1)","decl":{"start":{"line":7,"column":12},"end":{"line":7,"column":13}},"loc":{"start":{"line":7,"column":18},"end":{"line":9,"column":3}},"line":7},"2":{"name":"(anonymous_2)","decl":{"start":{"line":11,"column":19},"end":{"line":11,"column":20}},"loc":{"start":{"line":11,"column":33},"end":{"line":18,"column":3}},"line":11},"3":{"name":"(anonymous_3)","decl":{"start":{"line":14,"column":10},"end":{"line":14,"column":11}},"loc":{"start":{"line":14,"column":21},"end":{"line":17,"column":5}},"line":14}},"branchMap":{"0":{"loc":{"start":{"line":20,"column":2},"end":{"line":33,"column":3}},"type":"if","locations":[{"start":{"line":20,"column":2},"end":{"line":33,"column":3}},{"start":{"line":26,"column":9},"end":{"line":33,"column":3}}],"line":20}},"s":{"0":3,"1":3,"2":2,"3":3,"4":2,"5":2,"6":1,"7":1,"8":3,"9":2,"10":1},"f":{"0":3,"1":2,"2":2,"3":1},"b":{"0":[2,1]},"_coverageSchema":"1a1c01bbd47fc00a2c39e90264f33305004495a9","hash":"a95ea16a26583131682f435d6ac3db467ac767df"}
}
