TN:
SF:client/src/components/App.jsx
FN:8,(anonymous_0)
FN:20,(anonymous_1)
FN:24,(anonymous_2)
FN:26,(anonymous_3)
FN:33,(anonymous_4)
FN:41,(anonymous_5)
FN:45,(anonymous_6)
FNF:7
FNH:7
FNDA:2,(anonymous_0)
FNDA:2,(anonymous_1)
FNDA:2,(anonymous_2)
FNDA:2,(anonymous_3)
FNDA:1,(anonymous_4)
FNDA:5,(anonymous_5)
FNDA:2,(anonymous_6)
DA:9,2
DA:10,2
DA:16,2
DA:17,2
DA:21,2
DA:25,2
DA:27,2
DA:34,1
DA:43,5
DA:44,2
DA:45,2
DA:47,3
DA:48,1
DA:52,2
LF:14
LH:14
BRDA:43,0,0,2
BRDA:43,0,1,3
BRDA:43,1,0,5
BRDA:43,1,1,4
BRDA:47,2,0,1
BRDA:47,2,1,2
BRF:6
BRH:6
end_of_record
TN:
SF:client/src/components/Product-Overview/ProductInfo.jsx
FN:5,(anonymous_0)
FN:14,(anonymous_1)
FN:16,(anonymous_2)
FNF:3
FNH:3
FNDA:2,(anonymous_0)
FNDA:2,(anonymous_1)
FNDA:1,(anonymous_2)
DA:6,2
DA:7,2
DA:15,2
DA:16,1
LF:4
LH:4
BRF:0
BRH:0
end_of_record
TN:
SF:client/src/components/Product-Overview/ProductPage.jsx
FN:6,(anonymous_0)
FN:15,(anonymous_1)
FN:20,(anonymous_2)
FN:22,(anonymous_3)
FN:30,(anonymous_4)
FNF:5
FNH:4
FNDA:1,(anonymous_0)
FNDA:1,(anonymous_1)
FNDA:1,(anonymous_2)
FNDA:0,(anonymous_3)
FNDA:1,(anonymous_4)
DA:7,1
DA:8,1
DA:12,1
DA:17,1
DA:21,1
DA:23,0
DA:31,1
LF:7
LH:6
BRF:0
BRH:0
end_of_record
TN:
SF:client/src/components/Reviews/Reviews.jsx
FN:4,(anonymous_0)
FN:10,(anonymous_1)
FNF:2
FNH:2
FNDA:1,(anonymous_0)
FNDA:1,(anonymous_1)
DA:5,1
DA:6,1
DA:11,1
LF:3
LH:3
BRF:0
BRH:0
end_of_record
